<?xml version="1.0" encoding="UTF-8"?>
<testng-results ignored="0" total="1" passed="1" failed="0" skipped="0">
  <reporter-output>
  </reporter-output>
  <suite started-at="2021-11-20T21:14:17 CST" name="Default suite" finished-at="2021-11-20T21:14:22 CST" duration-ms="4662">
    <groups>
    </groups>
    <test started-at="2021-11-20T21:14:17 CST" name="Default test" finished-at="2021-11-20T21:14:22 CST" duration-ms="4662">
      <class name="testCases.GET_Or_Read_A_Products">
        <test-method signature="read_A_Products()[pri:0, instance:testCases.GET_Or_Read_A_Products@3e92efc3]" started-at="2021-11-20T21:14:17 CST" name="read_A_Products" finished-at="2021-11-20T21:14:22 CST" duration-ms="4611" status="PASS">
          <reporter-output>
          </reporter-output>
        </test-method> <!-- read_A_Products -->
      </class> <!-- testCases.GET_Or_Read_A_Products -->
    </test> <!-- Default test -->
  </suite> <!-- Default suite -->
</testng-results>
